# JRE version: OpenJDK Runtime Environment (8.0_292-b10) (build 1.8.0_292-b10)
# Java VM: OpenJDK 64-Bit Server VM (25.292-b10 mixed mode linux-amd64 compressed oops)
Heap:
 PSYoungGen      total 142848K, used 19360K [0x00000000f5580000, 0x0000000100000000, 0x0000000100000000)
  eden space 111104K, 0% used [0x00000000f5580000,0x00000000f5580000,0x00000000fc200000)
  from space 31744K, 60% used [0x00000000fc200000,0x00000000fd4e82b0,0x00000000fe100000)
  to   space 31232K, 0% used [0x00000000fe180000,0x00000000fe180000,0x0000000100000000)
 ParOldGen       total 208384K, used 87498K [0x00000000e0000000, 0x00000000ecb80000, 0x00000000f5580000)
  object space 208384K, 41% used [0x00000000e0000000,0x00000000e5572870,0x00000000ecb80000)
 Metaspace       used 92112K, capacity 98154K, committed 98304K, reserved 1134592K
  class space    used 12620K, capacity 13957K, committed 14080K, reserved 1048576K
GC Heap History (10 events):
Event: 42.896 GC heap after
Heap after GC invocations=16 (full 3):
 PSYoungGen      total 139776K, used 17401K [0x00000000f5580000, 0x0000000100000000, 0x0000000100000000)
  eden space 122368K, 0% used [0x00000000f5580000,0x00000000f5580000,0x00000000fcd00000)
  from space 17408K, 99% used [0x00000000fcd00000,0x00000000fddfe498,0x00000000fde00000)
  to   space 26624K, 0% used [0x00000000fe600000,0x00000000fe600000,0x0000000100000000)
 ParOldGen       total 208384K, used 65413K [0x00000000e0000000, 0x00000000ecb80000, 0x00000000f5580000)
  object space 208384K, 31% used [0x00000000e0000000,0x00000000e3fe15b8,0x00000000ecb80000)
 Metaspace       used 75055K, capacity 79928K, committed 80256K, reserved 1118208K
  class space    used 10427K, capacity 11547K, committed 11648K, reserved 1048576K
}
Event: 44.908 GC heap before
{Heap before GC invocations=17 (full 3):
 PSYoungGen      total 139776K, used 139769K [0x00000000f5580000, 0x0000000100000000, 0x0000000100000000)
  eden space 122368K, 100% used [0x00000000f5580000,0x00000000fcd00000,0x00000000fcd00000)
  from space 17408K, 99% used [0x00000000fcd00000,0x00000000fddfe498,0x00000000fde00000)
  to   space 26624K, 0% used [0x00000000fe600000,0x00000000fe600000,0x0000000100000000)
 ParOldGen       total 208384K, used 65413K [0x00000000e0000000, 0x00000000ecb80000, 0x00000000f5580000)
  object space 208384K, 31% used [0x00000000e0000000,0x00000000e3fe15b8,0x00000000ecb80000)
 Metaspace       used 79744K, capacity 85130K, committed 85376K, reserved 1122304K
  class space    used 11095K, capacity 12329K, committed 12416K, reserved 1048576K
Event: 44.928 GC heap after
Heap after GC invocations=17 (full 3):
 PSYoungGen      total 143872K, used 23198K [0x00000000f5580000, 0x0000000100000000, 0x0000000100000000)
  eden space 117248K, 0% used [0x00000000f5580000,0x00000000f5580000,0x00000000fc800000)
  from space 26624K, 87% used [0x00000000fe600000,0x00000000ffca7868,0x0000000100000000)
  to   space 28672K, 0% used [0x00000000fc800000,0x00000000fc800000,0x00000000fe400000)
 ParOldGen       total 208384K, used 65421K [0x00000000e0000000, 0x00000000ecb80000, 0x00000000f5580000)
  object space 208384K, 31% used [0x00000000e0000000,0x00000000e3fe35b8,0x00000000ecb80000)
 Metaspace       used 79744K, capacity 85130K, committed 85376K, reserved 1122304K
  class space    used 11095K, capacity 12329K, committed 12416K, reserved 1048576K
}
Event: 56.204 GC heap before
{Heap before GC invocations=18 (full 3):
 PSYoungGen      total 143872K, used 140446K [0x00000000f5580000, 0x0000000100000000, 0x0000000100000000)
  eden space 117248K, 100% used [0x00000000f5580000,0x00000000fc800000,0x00000000fc800000)
  from space 26624K, 87% used [0x00000000fe600000,0x00000000ffca7868,0x0000000100000000)
  to   space 28672K, 0% used [0x00000000fc800000,0x00000000fc800000,0x00000000fe400000)
 ParOldGen       total 208384K, used 65421K [0x00000000e0000000, 0x00000000ecb80000, 0x00000000f5580000)
  object space 208384K, 31% used [0x00000000e0000000,0x00000000e3fe35b8,0x00000000ecb80000)
 Metaspace       used 86834K, capacity 92518K, committed 92672K, reserved 1128448K
  class space    used 11963K, capacity 13249K, committed 13312K, reserved 1048576K
Event: 56.245 GC heap after
Heap after GC invocations=18 (full 3):
 PSYoungGen      total 145920K, used 28647K [0x00000000f5580000, 0x0000000100000000, 0x0000000100000000)
  eden space 117248K, 0% used [0x00000000f5580000,0x00000000f5580000,0x00000000fc800000)
  from space 28672K, 99% used [0x00000000fc800000,0x00000000fe3f9fd0,0x00000000fe400000)
  to   space 28672K, 0% used [0x00000000fe400000,0x00000000fe400000,0x0000000100000000)
 ParOldGen       total 208384K, used 67496K [0x00000000e0000000, 0x00000000ecb80000, 0x00000000f5580000)
  object space 208384K, 32% used [0x00000000e0000000,0x00000000e41ea3e0,0x00000000ecb80000)
 Metaspace       used 86834K, capacity 92518K, committed 92672K, reserved 1128448K
  class space    used 11963K, capacity 13249K, committed 13312K, reserved 1048576K
}
Event: 61.981 GC heap before
{Heap before GC invocations=19 (full 3):
 PSYoungGen      total 145920K, used 145895K [0x00000000f5580000, 0x0000000100000000, 0x0000000100000000)
  eden space 117248K, 100% used [0x00000000f5580000,0x00000000fc800000,0x00000000fc800000)
  from space 28672K, 99% used [0x00000000fc800000,0x00000000fe3f9fd0,0x00000000fe400000)
  to   space 28672K, 0% used [0x00000000fe400000,0x00000000fe400000,0x0000000100000000)
 ParOldGen       total 208384K, used 67496K [0x00000000e0000000, 0x00000000ecb80000, 0x00000000f5580000)
  object space 208384K, 32% used [0x00000000e0000000,0x00000000e41ea3e0,0x00000000ecb80000)
 Metaspace       used 89689K, capacity 95748K, committed 95872K, reserved 1132544K
  class space    used 12309K, capacity 13678K, committed 13696K, reserved 1048576K
Event: 62.021 GC heap after
Heap after GC invocations=19 (full 3):
 PSYoungGen      total 139776K, used 14867K [0x00000000f5580000, 0x0000000100000000, 0x0000000100000000)
  eden space 111104K, 0% used [0x00000000f5580000,0x00000000f5580000,0x00000000fc200000)
  from space 28672K, 51% used [0x00000000fe400000,0x00000000ff284f80,0x0000000100000000)
  to   space 31744K, 0% used [0x00000000fc200000,0x00000000fc200000,0x00000000fe100000)
 ParOldGen       total 208384K, used 87490K [0x00000000e0000000, 0x00000000ecb80000, 0x00000000f5580000)
  object space 208384K, 41% used [0x00000000e0000000,0x00000000e5570870,0x00000000ecb80000)
 Metaspace       used 89689K, capacity 95748K, committed 95872K, reserved 1132544K
  class space    used 12309K, capacity 13678K, committed 13696K, reserved 1048576K
}
Event: 65.009 GC heap before
{Heap before GC invocations=20 (full 3):
 PSYoungGen      total 139776K, used 113390K [0x00000000f5580000, 0x0000000100000000, 0x0000000100000000)
  eden space 111104K, 88% used [0x00000000f5580000,0x00000000fb5b68b8,0x00000000fc200000)
  from space 28672K, 51% used [0x00000000fe400000,0x00000000ff284f80,0x0000000100000000)
  to   space 31744K, 0% used [0x00000000fc200000,0x00000000fc200000,0x00000000fe100000)
 ParOldGen       total 208384K, used 87490K [0x00000000e0000000, 0x00000000ecb80000, 0x00000000f5580000)
  object space 208384K, 41% used [0x00000000e0000000,0x00000000e5570870,0x00000000ecb80000)
 Metaspace       used 92112K, capacity 98154K, committed 98304K, reserved 1134592K
  class space    used 12620K, capacity 13957K, committed 14080K, reserved 1048576K
Event: 65.029 GC heap after
Heap after GC invocations=20 (full 3):
 PSYoungGen      total 142848K, used 19360K [0x00000000f5580000, 0x0000000100000000, 0x0000000100000000)
  eden space 111104K, 0% used [0x00000000f5580000,0x00000000f5580000,0x00000000fc200000)
  from space 31744K, 60% used [0x00000000fc200000,0x00000000fd4e82b0,0x00000000fe100000)
  to   space 31232K, 0% used [0x00000000fe180000,0x00000000fe180000,0x0000000100000000)
 ParOldGen       total 208384K, used 87498K [0x00000000e0000000, 0x00000000ecb80000, 0x00000000f5580000)
  object space 208384K, 41% used [0x00000000e0000000,0x00000000e5572870,0x00000000ecb80000)
 Metaspace       used 92112K, capacity 98154K, committed 98304K, reserved 1134592K
  class space    used 12620K, capacity 13957K, committed 14080K, reserved 1048576K
}
Event: 65.029 GC heap before
{Heap before GC invocations=21 (full 4):
 PSYoungGen      total 142848K, used 19360K [0x00000000f5580000, 0x0000000100000000, 0x0000000100000000)
  eden space 111104K, 0% used [0x00000000f5580000,0x00000000f5580000,0x00000000fc200000)
  from space 31744K, 60% used [0x00000000fc200000,0x00000000fd4e82b0,0x00000000fe100000)
  to   space 31232K, 0% used [0x00000000fe180000,0x00000000fe180000,0x0000000100000000)
 ParOldGen       total 208384K, used 87498K [0x00000000e0000000, 0x00000000ecb80000, 0x00000000f5580000)
  object space 208384K, 41% used [0x00000000e0000000,0x00000000e5572870,0x00000000ecb80000)
 Metaspace       used 92112K, capacity 98154K, committed 98304K, reserved 1134592K
  class space    used 12620K, capacity 13957K, committed 14080K, reserved 1048576K

