# JRE version: OpenJDK Runtime Environment (8.0_292-b10) (build 1.8.0_292-b10)
# Java VM: OpenJDK 64-Bit Server VM (25.292-b10 mixed mode linux-amd64 compressed oops)
Heap:
 PSYoungGen      total 116736K, used 75728K [0x00000000f5580000, 0x0000000100000000, 0x0000000100000000)
  eden space 58880K, 80% used [0x00000000f5580000,0x00000000f8395dc8,0x00000000f8f00000)
  from space 57856K, 49% used [0x00000000f8f00000,0x00000000faade5c8,0x00000000fc780000)
  to   space 57856K, 0% used [0x00000000fc780000,0x00000000fc780000,0x0000000100000000)
 ParOldGen       total 206848K, used 145394K [0x00000000e0000000, 0x00000000eca00000, 0x00000000f5580000)
  object space 206848K, 70% used [0x00000000e0000000,0x00000000e8dfc938,0x00000000eca00000)
 Metaspace       used 90605K, capacity 98208K, committed 98304K, reserved 1134592K
  class space    used 12263K, capacity 13812K, committed 13824K, reserved 1048576K
GC Heap History (10 events):
Event: 2841.726 GC heap before
{Heap before GC invocations=26 (full 3):
 PSYoungGen      total 117248K, used 117225K [0x00000000f5580000, 0x0000000100000000, 0x0000000100000000)
  eden space 74240K, 100% used [0x00000000f5580000,0x00000000f9e00000,0x00000000f9e00000)
  from space 43008K, 99% used [0x00000000fd600000,0x00000000ffffa7a8,0x0000000100000000)
  to   space 50176K, 0% used [0x00000000f9e00000,0x00000000f9e00000,0x00000000fcf00000)
 ParOldGen       total 206848K, used 103180K [0x00000000e0000000, 0x00000000eca00000, 0x00000000f5580000)
  object space 206848K, 49% used [0x00000000e0000000,0x00000000e64c30b0,0x00000000eca00000)
 Metaspace       used 89817K, capacity 97250K, committed 97536K, reserved 1132544K
  class space    used 12229K, capacity 13761K, committed 13824K, reserved 1048576K
Event: 2841.780 GC heap after
Heap after GC invocations=26 (full 3):
 PSYoungGen      total 112128K, used 38473K [0x00000000f5580000, 0x0000000100000000, 0x0000000100000000)
  eden space 73216K, 0% used [0x00000000f5580000,0x00000000f5580000,0x00000000f9d00000)
  from space 38912K, 98% used [0x00000000f9e00000,0x00000000fc392648,0x00000000fc400000)
  to   space 52736K, 0% used [0x00000000fcc80000,0x00000000fcc80000,0x0000000100000000)
 ParOldGen       total 206848K, used 116438K [0x00000000e0000000, 0x00000000eca00000, 0x00000000f5580000)
  object space 206848K, 56% used [0x00000000e0000000,0x00000000e71b5b98,0x00000000eca00000)
 Metaspace       used 89817K, capacity 97250K, committed 97536K, reserved 1132544K
  class space    used 12229K, capacity 13761K, committed 13824K, reserved 1048576K
}
Event: 2843.536 GC heap before
{Heap before GC invocations=27 (full 3):
 PSYoungGen      total 112128K, used 111689K [0x00000000f5580000, 0x0000000100000000, 0x0000000100000000)
  eden space 73216K, 100% used [0x00000000f5580000,0x00000000f9d00000,0x00000000f9d00000)
  from space 38912K, 98% used [0x00000000f9e00000,0x00000000fc392648,0x00000000fc400000)
  to   space 52736K, 0% used [0x00000000fcc80000,0x00000000fcc80000,0x0000000100000000)
 ParOldGen       total 206848K, used 116438K [0x00000000e0000000, 0x00000000eca00000, 0x00000000f5580000)
  object space 206848K, 56% used [0x00000000e0000000,0x00000000e71b5b98,0x00000000eca00000)
 Metaspace       used 89925K, capacity 97388K, committed 97536K, reserved 1132544K
  class space    used 12230K, capacity 13762K, committed 13824K, reserved 1048576K
Event: 2843.584 GC heap after
Heap after GC invocations=27 (full 3):
 PSYoungGen      total 113664K, used 44279K [0x00000000f5580000, 0x0000000100000000, 0x0000000100000000)
  eden space 60928K, 0% used [0x00000000f5580000,0x00000000f5580000,0x00000000f9100000)
  from space 52736K, 83% used [0x00000000fcc80000,0x00000000ff7bdfd0,0x0000000100000000)
  to   space 56832K, 0% used [0x00000000f9100000,0x00000000f9100000,0x00000000fc880000)
 ParOldGen       total 206848K, used 116446K [0x00000000e0000000, 0x00000000eca00000, 0x00000000f5580000)
  object space 206848K, 56% used [0x00000000e0000000,0x00000000e71b7b98,0x00000000eca00000)
 Metaspace       used 89925K, capacity 97388K, committed 97536K, reserved 1132544K
  class space    used 12230K, capacity 13762K, committed 13824K, reserved 1048576K
}
Event: 2845.475 GC heap before
{Heap before GC invocations=28 (full 3):
 PSYoungGen      total 113664K, used 105207K [0x00000000f5580000, 0x0000000100000000, 0x0000000100000000)
  eden space 60928K, 100% used [0x00000000f5580000,0x00000000f9100000,0x00000000f9100000)
  from space 52736K, 83% used [0x00000000fcc80000,0x00000000ff7bdfd0,0x0000000100000000)
  to   space 56832K, 0% used [0x00000000f9100000,0x00000000f9100000,0x00000000fc880000)
 ParOldGen       total 206848K, used 116446K [0x00000000e0000000, 0x00000000eca00000, 0x00000000f5580000)
  object space 206848K, 56% used [0x00000000e0000000,0x00000000e71b7b98,0x00000000eca00000)
 Metaspace       used 90233K, capacity 97812K, committed 98048K, reserved 1134592K
  class space    used 12251K, capacity 13800K, committed 13824K, reserved 1048576K
Event: 2845.529 GC heap after
Heap after GC invocations=28 (full 3):
 PSYoungGen      total 108544K, used 47239K [0x00000000f5580000, 0x0000000100000000, 0x0000000100000000)
  eden space 60928K, 0% used [0x00000000f5580000,0x00000000f5580000,0x00000000f9100000)
  from space 47616K, 99% used [0x00000000f9100000,0x00000000fbf21fe0,0x00000000fbf80000)
  to   space 57856K, 0% used [0x00000000fc780000,0x00000000fc780000,0x0000000100000000)
 ParOldGen       total 206848K, used 118262K [0x00000000e0000000, 0x00000000eca00000, 0x00000000f5580000)
  object space 206848K, 57% used [0x00000000e0000000,0x00000000e737da40,0x00000000eca00000)
 Metaspace       used 90233K, capacity 97812K, committed 98048K, reserved 1134592K
  class space    used 12251K, capacity 13800K, committed 13824K, reserved 1048576K
}
Event: 4191.500 GC heap before
{Heap before GC invocations=29 (full 3):
 PSYoungGen      total 108544K, used 108167K [0x00000000f5580000, 0x0000000100000000, 0x0000000100000000)
  eden space 60928K, 100% used [0x00000000f5580000,0x00000000f9100000,0x00000000f9100000)
  from space 47616K, 99% used [0x00000000f9100000,0x00000000fbf21fe0,0x00000000fbf80000)
  to   space 57856K, 0% used [0x00000000fc780000,0x00000000fc780000,0x0000000100000000)
 ParOldGen       total 206848K, used 118262K [0x00000000e0000000, 0x00000000eca00000, 0x00000000f5580000)
  object space 206848K, 57% used [0x00000000e0000000,0x00000000e737da40,0x00000000eca00000)
 Metaspace       used 90333K, capacity 97964K, committed 98048K, reserved 1134592K
  class space    used 12256K, capacity 13804K, committed 13824K, reserved 1048576K
Event: 4191.574 GC heap after
Heap after GC invocations=29 (full 3):
 PSYoungGen      total 116736K, used 38167K [0x00000000f5580000, 0x0000000100000000, 0x0000000100000000)
  eden space 58880K, 0% used [0x00000000f5580000,0x00000000f5580000,0x00000000f8f00000)
  from space 57856K, 65% used [0x00000000fc780000,0x00000000fecc5f80,0x0000000100000000)
  to   space 57856K, 0% used [0x00000000f8f00000,0x00000000f8f00000,0x00000000fc780000)
 ParOldGen       total 206848K, used 126230K [0x00000000e0000000, 0x00000000eca00000, 0x00000000f5580000)
  object space 206848K, 61% used [0x00000000e0000000,0x00000000e7b45b20,0x00000000eca00000)
 Metaspace       used 90333K, capacity 97964K, committed 98048K, reserved 1134592K
  class space    used 12256K, capacity 13804K, committed 13824K, reserved 1048576K
}
Event: 4227.216 GC heap before
{Heap before GC invocations=30 (full 3):
 PSYoungGen      total 116736K, used 97045K [0x00000000f5580000, 0x0000000100000000, 0x0000000100000000)
  eden space 58880K, 99% used [0x00000000f5580000,0x00000000f8eff590,0x00000000f8f00000)
  from space 57856K, 65% used [0x00000000fc780000,0x00000000fecc5f80,0x0000000100000000)
  to   space 57856K, 0% used [0x00000000f8f00000,0x00000000f8f00000,0x00000000fc780000)
 ParOldGen       total 206848K, used 126230K [0x00000000e0000000, 0x00000000eca00000, 0x00000000f5580000)
  object space 206848K, 61% used [0x00000000e0000000,0x00000000e7b45b20,0x00000000eca00000)
 Metaspace       used 90516K, capacity 98134K, committed 98304K, reserved 1134592K
  class space    used 12262K, capacity 13811K, committed 13824K, reserved 1048576K
Event: 4227.279 GC heap after
Heap after GC invocations=30 (full 3):
 PSYoungGen      total 116736K, used 28537K [0x00000000f5580000, 0x0000000100000000, 0x0000000100000000)
  eden space 58880K, 0% used [0x00000000f5580000,0x00000000f5580000,0x00000000f8f00000)
  from space 57856K, 49% used [0x00000000f8f00000,0x00000000faade5c8,0x00000000fc780000)
  to   space 57856K, 0% used [0x00000000fc780000,0x00000000fc780000,0x0000000100000000)
 ParOldGen       total 206848K, used 145394K [0x00000000e0000000, 0x00000000eca00000, 0x00000000f5580000)
  object space 206848K, 70% used [0x00000000e0000000,0x00000000e8dfc938,0x00000000eca00000)
 Metaspace       used 90516K, capacity 98134K, committed 98304K, reserved 1134592K
  class space    used 12262K, capacity 13811K, committed 13824K, reserved 1048576K
}

